<?xml version='1.0' encoding='UTF-8'?>
<dataset>

  <CART ID='1' USER_ID='2' SHOP_NO='HZJZ00091412102XnxgR' SHOP_NAME='协议商铺' SUBBRANCH_ID='2' SUBBRANCH_SHOP_NAME='协议商铺' GOOD_ID='604' GOOD_NAME='234' GOOD_SKU_ID='1411' SKU_PROPERTIES_NAME='' SKU_PICTURE_PATH='' UNIT_PRICE='10000' QUANTITY='2' VERSION='1212' SHARE_ID='' CREATE_TIME='2015-07-06 00:00:00' UPDATE_TIME='2015-07-06 00:00:00' />
  
  <SUBBRANCH ID='1' PID='0' TYPE='1' SUPERIOR_USER_ID='116' USER_ID='3' USER_NAME='小包子刘' USER_CELL='13666666666' SHOP_NAME='小包子刘-点' SHOP_LOGO='' DELIVER='0' PROFIT='10' SUPPLIER_SHOP_NO='HZJZ00091412102XnxgR' STATUS='1' TWO_DIMENSION_CODE='' CREATE_TIME='2015-07-06 00:00:00' UPDATE_TIME='2015-07-06 00:00:00' />
  <SUBBRANCH ID='2' PID='1' TYPE='2' SUPERIOR_USER_ID='3' USER_ID='137' USER_NAME='hayden' USER_CELL='13388888888' SHOP_NAME='bbbb' SHOP_LOGO='' DELIVER='0' PROFIT='20' SUPPLIER_SHOP_NO='HZJZ00091412102XnxgR' STATUS='1' TWO_DIMENSION_CODE='' CREATE_TIME='2015-07-06 00:00:00' UPDATE_TIME='2015-07-06 00:00:00' />
</dataset>